<?xml version="1.0" encoding="UTF-8"?>
<!-- Generated by org.testng.reporters.JUnitXMLReporter -->
<testsuite ignored="0" hostname="CHNMCT279709L" failures="0" tests="5" name="Default test" time="135.298" errors="0" timestamp="12 Aug 2020 12:59:34 GMT">
  <testcase classname="com.testCases.dropDownTest" name="dropDownApplianceTest" time="9.365"/>
  <testcase classname="com.testCases.dropDownTest" name="dropDownDealsTest" time="0.929"/>
  <testcase classname="com.testCases.dropDownTest" name="dropDownElectronicsTest" time="0.949"/>
  <testcase classname="com.testCases.dropDownTest" name="dropDownWatchesTest" time="0.746"/>
  <testcase classname="com.testCases.dropDownTest" name="dropDownkindleStoreTest" time="0.756"/>
</testsuite> <!-- Default test -->
