<?xml version="1.0" encoding="UTF-8"?>
<!-- Generated by org.testng.reporters.JUnitXMLReporter -->
<testsuite hostname="hp" ignored="2" name="Test" tests="6" failures="1" timestamp="25 Mar 2020 17:56:38 GMT" time="202.407" errors="0">
  <testcase name="TC_001_AppleLaptopFunctionality" time="11.551" classname="com.testCases.LaptopFlow"/>
  <testcase name="TC_002_AsusLaptopFunctionality" time="18.052" classname="com.testCases.LaptopFlow"/>
  <testcase name="TC_003_AcerLaptopFunctionality" time="39.42" classname="com.testCases.LaptopFlow">
    <failure type="java.lang.RuntimeException">
      <![CDATA[java.lang.RuntimeException
at com.amazon.selenium.base.SeleniumBase.locateElement(SeleniumBase.java:296)
at com.qa.pages.MobilesAndLaptops.LaptopsPage.clickAcerLaptop(LaptopsPage.java:21)
at com.testCases.LaptopFlow.TC_003_AcerLaptopFunctionality(LaptopFlow.java:45)
... Removed 25 stack frames]]>
    </failure>
  </testcase> <!-- TC_003_AcerLaptopFunctionality -->
  <testcase name="TC_004_OppoMobileFunctionality" time="40.756" classname="com.testCases.MobileFlow"/>
  <testcase name="TC_005_LGMobileFunctionality" time="8.676" classname="com.testCases.MobileFlow"/>
  <testcase name="TC_006_RealmeMobileFunctionality" time="9.461" classname="com.testCases.MobileFlow"/>
  <testcase name="@AfterSuite stopReport" time="0.0" classname="utils.Reporter">
    <ignored/>
  </testcase> <!-- @AfterSuite stopReport -->
  <testcase name="@BeforeSuite startReport" time="0.0" classname="utils.Reporter">
    <ignored/>
  </testcase> <!-- @BeforeSuite startReport -->
</testsuite> <!-- Test -->
