<?xml version="1.0" encoding="UTF-8"?>
<!-- Generated by org.testng.reporters.JUnitXMLReporter -->
<testsuite ignored="2" hostname="CHNMCT369326L" failures="0" tests="6" name="testing" time="205.418" errors="0" timestamp="07 Aug 2020 08:27:58 GMT">
  <testcase classname="com.testCases.LaptopTC" name="TC_001_AppleLaptopFunctionality" time="30.526"/>
  <testcase classname="com.testCases.LaptopTC" name="TC_002_AcerLaptopFunctionality" time="8.881"/>
  <testcase classname="com.testCases.LaptopTC" name="TC_003_AsusLaptopFunctionality" time="4.567"/>
  <testcase classname="com.testCases.MobileTC" name="TC_001_LGMobileFunctionality" time="4.625"/>
  <testcase classname="com.testCases.MobileTC" name="TC_002_OppoMobileFunctionality" time="14.447"/>
  <testcase classname="com.testCases.MobileTC" name="TC_003_RealmeMobileFunctionality" time="3.941"/>
  <testcase classname="utils.Reporter" name="@AfterSuite stopReport" time="0.0">
    <ignored/>
  </testcase> <!-- @AfterSuite stopReport -->
  <testcase classname="utils.Reporter" name="@BeforeSuite startReport" time="0.0">
    <ignored/>
  </testcase> <!-- @BeforeSuite startReport -->
</testsuite> <!-- testing -->
