<?xml version="1.0" encoding="UTF-8"?>
<testng-results ignored="0" total="1" passed="1" failed="0" skipped="0">
  <reporter-output>
  </reporter-output>
  <suite started-at="2020-08-10T09:58:42Z" name="Default suite" finished-at="2020-08-10T09:58:58Z" duration-ms="15797">
    <groups>
    </groups>
    <test started-at="2020-08-10T09:58:42Z" name="Default test" finished-at="2020-08-10T09:58:58Z" duration-ms="15797">
      <class name="com.testCases.dropDownTest">
        <test-method is-config="true" signature="reporting()[pri:0, instance:com.testCases.dropDownTest@2fa7ae9]" started-at="2020-08-10T09:58:42Z" name="reporting" finished-at="2020-08-10T09:58:42Z" duration-ms="231" status="PASS">
          <reporter-output>
          </reporter-output>
        </test-method> <!-- reporting -->
        <test-method is-config="true" signature="beforeMethod()[pri:0, instance:com.testCases.dropDownTest@2fa7ae9]" started-at="2020-08-10T09:58:42Z" name="beforeMethod" finished-at="2020-08-10T09:58:51Z" duration-ms="9064" status="PASS">
          <reporter-output>
          </reporter-output>
        </test-method> <!-- beforeMethod -->
        <test-method signature="dropDownDealsTest()[pri:0, instance:com.testCases.dropDownTest@2fa7ae9]" started-at="2020-08-10T09:58:51Z" name="dropDownDealsTest" finished-at="2020-08-10T09:58:54Z" duration-ms="2620" status="PASS">
          <reporter-output>
          </reporter-output>
        </test-method> <!-- dropDownDealsTest -->
        <test-method is-config="true" signature="afterMethod(org.testng.ITestResult)[pri:0, instance:com.testCases.dropDownTest@2fa7ae9]" started-at="2020-08-10T09:58:54Z" name="afterMethod" finished-at="2020-08-10T09:58:58Z" duration-ms="3853" status="PASS">
          <params>
            <param index="0">
              <value>
                <![CDATA[[TestResult name=dropDownDealsTest status=SUCCESS method=dropDownTest.dropDownDealsTest()[pri:0, instance:com.testCases.dropDownTest@2fa7ae9] output={null}]]]>
              </value>
            </param>
          </params>
          <reporter-output>
          </reporter-output>
        </test-method> <!-- afterMethod -->
      </class> <!-- com.testCases.dropDownTest -->
    </test> <!-- Default test -->
  </suite> <!-- Default suite -->
</testng-results>
